<?xml version="1.0" encoding="UTF-8"?>
<testsuite name="simple.PositiveTests" tests="9" skipped="0" failures="0" errors="0" timestamp="2024-06-18T00:47:47" hostname="WIN-0DVQF3TNI5I" time="0.01">
  <properties/>
  <testcase name="test1()" classname="simple.PositiveTests" time="0.001"/>
  <testcase name="test2()" classname="simple.PositiveTests" time="0.001"/>
  <testcase name="test3()" classname="simple.PositiveTests" time="0.001"/>
  <testcase name="test4()" classname="simple.PositiveTests" time="0.001"/>
  <testcase name="test5()" classname="simple.PositiveTests" time="0.001"/>
  <testcase name="test6()" classname="simple.PositiveTests" time="0.001"/>
  <testcase name="test7()" classname="simple.PositiveTests" time="0.001"/>
  <testcase name="test8()" classname="simple.PositiveTests" time="0.001"/>
  <testcase name="test9()" classname="simple.PositiveTests" time="0.001"/>
  <system-out><![CDATA[]]></system-out>
  <system-err><![CDATA[]]></system-err>
</testsuite>
